[debug] [2024-03-28T19:48:24.408Z] ----------------------------------------------------------------------
[debug] [2024-03-28T19:48:24.411Z] Command:       C:\Program Files\nodejs\node.exe C:\Users\camba\AppData\Roaming\npm\node_modules\firebase-tools\lib\bin\firebase.js emulators:start
[debug] [2024-03-28T19:48:24.411Z] CLI Version:   13.6.0
[debug] [2024-03-28T19:48:24.411Z] Platform:      win32
[debug] [2024-03-28T19:48:24.411Z] Node Version:  v20.10.0
[debug] [2024-03-28T19:48:24.411Z] Time:          Thu Mar 28 2024 16:48:24 GMT-0300 (Brasilia Standard Time)
[debug] [2024-03-28T19:48:24.412Z] ----------------------------------------------------------------------
[debug] 
[debug] [2024-03-28T19:48:24.572Z] > command requires scopes: ["email","openid","https://www.googleapis.com/auth/cloudplatformprojects.readonly","https://www.googleapis.com/auth/firebase","https://www.googleapis.com/auth/cloud-platform"]
[debug] [2024-03-28T19:48:24.573Z] > authorizing via signed-in user (cambara.ro@gmail.com)
[debug] [2024-03-28T19:48:24.716Z] java version "22" 2024-03-19

[debug] [2024-03-28T19:48:24.716Z] Java(TM) SE Runtime Environment (build 22+36-2370)
Java HotSpot(TM) 64-Bit Server VM (build 22+36-2370, mixed mode, sharing)

[debug] [2024-03-28T19:48:24.737Z] Parsed Java major version: 22
[info] i  emulators: Starting emulators: auth, functions, firestore {"metadata":{"emulator":{"name":"hub"},"message":"Starting emulators: auth, functions, firestore"}}
[debug] [2024-03-28T19:48:24.751Z] [logging] Logging Emulator only supports listening on one address (127.0.0.1). Not listening on ::1
[debug] [2024-03-28T19:48:24.751Z] [auth] Authentication Emulator only supports listening on one address (127.0.0.1). Not listening on ::1
[debug] [2024-03-28T19:48:24.751Z] [firestore] Firestore Emulator only supports listening on one address (127.0.0.1). Not listening on ::1
[debug] [2024-03-28T19:48:24.751Z] [firestore.websocket] websocket server for firestore only supports listening on one address (127.0.0.1). Not listening on ::1
[debug] [2024-03-28T19:48:24.752Z] assigned listening specs for emulators {"user":{"hub":[{"address":"127.0.0.1","family":"IPv4","port":4400},{"address":"::1","family":"IPv6","port":4400}],"ui":[{"address":"127.0.0.1","family":"IPv4","port":4000},{"address":"::1","family":"IPv6","port":4000}],"logging":[{"address":"127.0.0.1","family":"IPv4","port":4500}],"auth":[{"address":"127.0.0.1","family":"IPv4","port":9099}],"firestore":[{"address":"127.0.0.1","family":"IPv4","port":8080}],"firestore.websocket":[{"address":"127.0.0.1","family":"IPv4","port":9150}]},"metadata":{"message":"assigned listening specs for emulators"}}
[debug] [2024-03-28T19:48:24.757Z] [hub] writing locator at C:\Users\camba\AppData\Local\Temp\hub-cogum-react.json
[debug] [2024-03-28T19:48:24.770Z] [functions] Functions Emulator only supports listening on one address (127.0.0.1). Not listening on ::1
[debug] [2024-03-28T19:48:24.770Z] [eventarc] Eventarc Emulator only supports listening on one address (127.0.0.1). Not listening on ::1
[debug] [2024-03-28T19:48:24.770Z] late-assigned ports for functions and eventarc emulators {"user":{"hub":[{"address":"127.0.0.1","family":"IPv4","port":4400},{"address":"::1","family":"IPv6","port":4400}],"ui":[{"address":"127.0.0.1","family":"IPv4","port":4000},{"address":"::1","family":"IPv6","port":4000}],"logging":[{"address":"127.0.0.1","family":"IPv4","port":4500}],"auth":[{"address":"127.0.0.1","family":"IPv4","port":9099}],"firestore":[{"address":"127.0.0.1","family":"IPv4","port":8080}],"firestore.websocket":[{"address":"127.0.0.1","family":"IPv4","port":9150}],"functions":[{"address":"127.0.0.1","family":"IPv4","port":5001}],"eventarc":[{"address":"127.0.0.1","family":"IPv4","port":9299}]},"metadata":{"message":"late-assigned ports for functions and eventarc emulators"}}
[warn] !  functions: The following emulators are not running, calls to these services from the Functions emulator will affect production: database, hosting, pubsub, storage {"metadata":{"emulator":{"name":"functions"},"message":"The following emulators are not running, calls to these services from the Functions emulator will affect production: \u001b[1mdatabase, hosting, pubsub, storage\u001b[22m"}}
[debug] [2024-03-28T19:48:24.777Z] defaultcredentials: writing to file C:\Users\camba\AppData\Roaming\firebase\cambara_ro_gmail.com_application_default_credentials.json
[debug] [2024-03-28T19:48:24.790Z] Setting GAC to C:\Users\camba\AppData\Roaming\firebase\cambara_ro_gmail.com_application_default_credentials.json {"metadata":{"emulator":{"name":"functions"},"message":"Setting GAC to C:\\Users\\camba\\AppData\\Roaming\\firebase\\cambara_ro_gmail.com_application_default_credentials.json"}}
[debug] [2024-03-28T19:48:24.795Z] >>> [apiv2][query] GET https://firebase.googleapis.com/v1beta1/projects/cogum-react/adminSdkConfig [none]
[debug] [2024-03-28T19:48:25.274Z] <<< [apiv2][status] GET https://firebase.googleapis.com/v1beta1/projects/cogum-react/adminSdkConfig 200
[debug] [2024-03-28T19:48:25.274Z] <<< [apiv2][body] GET https://firebase.googleapis.com/v1beta1/projects/cogum-react/adminSdkConfig {"projectId":"cogum-react","storageBucket":"cogum-react.appspot.com"}
[debug] [2024-03-28T19:48:25.294Z] Ignoring unsupported arg: auto_download {"metadata":{"emulator":{"name":"firestore"},"message":"Ignoring unsupported arg: auto_download"}}
[debug] [2024-03-28T19:48:25.294Z] Ignoring unsupported arg: single_project_mode_error {"metadata":{"emulator":{"name":"firestore"},"message":"Ignoring unsupported arg: single_project_mode_error"}}
[debug] [2024-03-28T19:48:25.294Z] Starting Firestore Emulator with command {"binary":"java","args":["-Dgoogle.cloud_firestore.debug_log_level=FINE","-Duser.language=en","-jar","C:\\Users\\camba\\.cache\\firebase\\emulators\\cloud-firestore-emulator-v1.19.4.jar","--host","127.0.0.1","--port",8080,"--websocket_port",9150,"--project_id","cogum-react","--rules","C:\\Users\\camba\\next-cogum\\firestore.rules","--single_project_mode",true,"--functions_emulator","127.0.0.1:5001"],"optionalArgs":["port","webchannel_port","host","rules","websocket_port","functions_emulator","seed_from_export","project_id","single_project_mode"],"joinArgs":false} {"metadata":{"emulator":{"name":"firestore"},"message":"Starting Firestore Emulator with command {\"binary\":\"java\",\"args\":[\"-Dgoogle.cloud_firestore.debug_log_level=FINE\",\"-Duser.language=en\",\"-jar\",\"C:\\\\Users\\\\camba\\\\.cache\\\\firebase\\\\emulators\\\\cloud-firestore-emulator-v1.19.4.jar\",\"--host\",\"127.0.0.1\",\"--port\",8080,\"--websocket_port\",9150,\"--project_id\",\"cogum-react\",\"--rules\",\"C:\\\\Users\\\\camba\\\\next-cogum\\\\firestore.rules\",\"--single_project_mode\",true,\"--functions_emulator\",\"127.0.0.1:5001\"],\"optionalArgs\":[\"port\",\"webchannel_port\",\"host\",\"rules\",\"websocket_port\",\"functions_emulator\",\"seed_from_export\",\"project_id\",\"single_project_mode\"],\"joinArgs\":false}"}}
[info] i  firestore: Firestore Emulator logging to firestore-debug.log {"metadata":{"emulator":{"name":"firestore"},"message":"Firestore Emulator logging to \u001b[1mfirestore-debug.log\u001b[22m"}}
[info] +  firestore: Firestore Emulator UI websocket is running on 9150. {"metadata":{"emulator":{"name":"firestore"},"message":"Firestore Emulator UI websocket is running on 9150."}}
[info] i  ui: downloading ui-v1.11.8.zip... {"metadata":{"emulator":{"name":"ui"},"message":"downloading ui-v1.11.8.zip..."}}
[debug] [2024-03-28T19:48:40.837Z] >>> [apiv2][query] GET https://storage.googleapis.com/firebase-preview-drop/emulator/ui-v1.11.8.zip 
[debug] [2024-03-28T19:48:41.147Z] <<< [apiv2][status] GET https://storage.googleapis.com/firebase-preview-drop/emulator/ui-v1.11.8.zip 200
[debug] [2024-03-28T19:48:41.148Z] <<< [apiv2][body] GET https://storage.googleapis.com/firebase-preview-drop/emulator/ui-v1.11.8.zip [stream]
[debug] [2024-03-28T19:48:42.572Z] Data is 3523907
[debug] [2024-03-28T19:48:42.573Z] [unzip] Entry: client/ (compressed_size=0 bytes, uncompressed_size=0 bytes)
[debug] [2024-03-28T19:48:42.573Z] [unzip] Processing entry: client\
[debug] [2024-03-28T19:48:42.573Z] [unzip] mkdir: C:\Users\camba\.cache\firebase\emulators\ui-v1.11.8\client\
[debug] [2024-03-28T19:48:42.574Z] [unzip] Entry: client/favicon.ico (compressed_size=2497 bytes, uncompressed_size=7406 bytes)
[debug] [2024-03-28T19:48:42.574Z] [unzip] Processing entry: client\favicon.ico
[debug] [2024-03-28T19:48:42.575Z] [unzip] else mkdir: C:\Users\camba\.cache\firebase\emulators\ui-v1.11.8\client
[debug] [2024-03-28T19:48:42.575Z] [unzip] deflating: C:\Users\camba\.cache\firebase\emulators\ui-v1.11.8\client\favicon.ico
[debug] [2024-03-28T19:48:42.583Z] [unzip] Entry: client/apple-touch-icon.png (compressed_size=7231 bytes, uncompressed_size=7367 bytes)
[debug] [2024-03-28T19:48:42.583Z] [unzip] Processing entry: client\apple-touch-icon.png
[debug] [2024-03-28T19:48:42.583Z] [unzip] else mkdir: C:\Users\camba\.cache\firebase\emulators\ui-v1.11.8\client
[debug] [2024-03-28T19:48:42.584Z] [unzip] deflating: C:\Users\camba\.cache\firebase\emulators\ui-v1.11.8\client\apple-touch-icon.png
[debug] [2024-03-28T19:48:42.585Z] [unzip] Entry: client/android-chrome-512x512.png (compressed_size=16987 bytes, uncompressed_size=18186 bytes)
[debug] [2024-03-28T19:48:42.586Z] [unzip] Processing entry: client\android-chrome-512x512.png
[debug] [2024-03-28T19:48:42.586Z] [unzip] else mkdir: C:\Users\camba\.cache\firebase\emulators\ui-v1.11.8\client
[debug] [2024-03-28T19:48:42.586Z] [unzip] deflating: C:\Users\camba\.cache\firebase\emulators\ui-v1.11.8\client\android-chrome-512x512.png
[debug] [2024-03-28T19:48:42.588Z] [unzip] Entry: client/assets/ (compressed_size=0 bytes, uncompressed_size=0 bytes)
[debug] [2024-03-28T19:48:42.589Z] [unzip] Processing entry: client\assets\
[debug] [2024-03-28T19:48:42.589Z] [unzip] mkdir: C:\Users\camba\.cache\firebase\emulators\ui-v1.11.8\client\assets\
[debug] [2024-03-28T19:48:42.590Z] [unzip] Entry: client/assets/extensions/ (compressed_size=0 bytes, uncompressed_size=0 bytes)
[debug] [2024-03-28T19:48:42.590Z] [unzip] Processing entry: client\assets\extensions\
[debug] [2024-03-28T19:48:42.590Z] [unzip] mkdir: C:\Users\camba\.cache\firebase\emulators\ui-v1.11.8\client\assets\extensions\
[debug] [2024-03-28T19:48:42.591Z] [unzip] Entry: client/assets/extensions/default-extension.png (compressed_size=1646 bytes, uncompressed_size=1657 bytes)
[debug] [2024-03-28T19:48:42.591Z] [unzip] Processing entry: client\assets\extensions\default-extension.png
[debug] [2024-03-28T19:48:42.591Z] [unzip] else mkdir: C:\Users\camba\.cache\firebase\emulators\ui-v1.11.8\client\assets\extensions
[debug] [2024-03-28T19:48:42.591Z] [unzip] deflating: C:\Users\camba\.cache\firebase\emulators\ui-v1.11.8\client\assets\extensions\default-extension.png
[debug] [2024-03-28T19:48:42.593Z] [unzip] Entry: client/assets/index-Z4-ilXvq.js.map (compressed_size=2229704 bytes, uncompressed_size=9599487 bytes)
[debug] [2024-03-28T19:48:42.594Z] [unzip] Processing entry: client\assets\index-Z4-ilXvq.js.map
[debug] [2024-03-28T19:48:42.594Z] [unzip] else mkdir: C:\Users\camba\.cache\firebase\emulators\ui-v1.11.8\client\assets
[debug] [2024-03-28T19:48:42.594Z] [unzip] deflating: C:\Users\camba\.cache\firebase\emulators\ui-v1.11.8\client\assets\index-Z4-ilXvq.js.map
[debug] [2024-03-28T19:48:42.667Z] [unzip] Entry: client/assets/provider-icons/ (compressed_size=0 bytes, uncompressed_size=0 bytes)
[debug] [2024-03-28T19:48:42.667Z] [unzip] Processing entry: client\assets\provider-icons\
[debug] [2024-03-28T19:48:42.667Z] [unzip] mkdir: C:\Users\camba\.cache\firebase\emulators\ui-v1.11.8\client\assets\provider-icons\
[debug] [2024-03-28T19:48:42.668Z] [unzip] Entry: client/assets/provider-icons/auth_service_oidc.svg (compressed_size=414 bytes, uncompressed_size=858 bytes)
[debug] [2024-03-28T19:48:42.668Z] [unzip] Processing entry: client\assets\provider-icons\auth_service_oidc.svg
[debug] [2024-03-28T19:48:42.668Z] [unzip] else mkdir: C:\Users\camba\.cache\firebase\emulators\ui-v1.11.8\client\assets\provider-icons
[debug] [2024-03-28T19:48:42.668Z] [unzip] deflating: C:\Users\camba\.cache\firebase\emulators\ui-v1.11.8\client\assets\provider-icons\auth_service_oidc.svg
[debug] [2024-03-28T19:48:42.670Z] [unzip] Entry: client/assets/provider-icons/auth_service_yahoo.svg (compressed_size=577 bytes, uncompressed_size=1182 bytes)
[debug] [2024-03-28T19:48:42.670Z] [unzip] Processing entry: client\assets\provider-icons\auth_service_yahoo.svg
[debug] [2024-03-28T19:48:42.670Z] [unzip] else mkdir: C:\Users\camba\.cache\firebase\emulators\ui-v1.11.8\client\assets\provider-icons
[debug] [2024-03-28T19:48:42.671Z] [unzip] deflating: C:\Users\camba\.cache\firebase\emulators\ui-v1.11.8\client\assets\provider-icons\auth_service_yahoo.svg
[debug] [2024-03-28T19:48:42.672Z] [unzip] Entry: client/assets/provider-icons/auth_service_phone.svg (compressed_size=261 bytes, uncompressed_size=414 bytes)
[debug] [2024-03-28T19:48:42.672Z] [unzip] Processing entry: client\assets\provider-icons\auth_service_phone.svg
[debug] [2024-03-28T19:48:42.672Z] [unzip] else mkdir: C:\Users\camba\.cache\firebase\emulators\ui-v1.11.8\client\assets\provider-icons
[debug] [2024-03-28T19:48:42.673Z] [unzip] deflating: C:\Users\camba\.cache\firebase\emulators\ui-v1.11.8\client\assets\provider-icons\auth_service_phone.svg
[debug] [2024-03-28T19:48:42.675Z] [unzip] Entry: client/assets/provider-icons/auth_service_saml.svg (compressed_size=575 bytes, uncompressed_size=1226 bytes)
[debug] [2024-03-28T19:48:42.675Z] [unzip] Processing entry: client\assets\provider-icons\auth_service_saml.svg
[debug] [2024-03-28T19:48:42.675Z] [unzip] else mkdir: C:\Users\camba\.cache\firebase\emulators\ui-v1.11.8\client\assets\provider-icons
[debug] [2024-03-28T19:48:42.675Z] [unzip] deflating: C:\Users\camba\.cache\firebase\emulators\ui-v1.11.8\client\assets\provider-icons\auth_service_saml.svg
[debug] [2024-03-28T19:48:42.677Z] [unzip] Entry: client/assets/provider-icons/auth_service_mslive.svg (compressed_size=203 bytes, uncompressed_size=378 bytes)
[debug] [2024-03-28T19:48:42.677Z] [unzip] Processing entry: client\assets\provider-icons\auth_service_mslive.svg
[debug] [2024-03-28T19:48:42.677Z] [unzip] else mkdir: C:\Users\camba\.cache\firebase\emulators\ui-v1.11.8\client\assets\provider-icons
[debug] [2024-03-28T19:48:42.678Z] [unzip] deflating: C:\Users\camba\.cache\firebase\emulators\ui-v1.11.8\client\assets\provider-icons\auth_service_mslive.svg
[debug] [2024-03-28T19:48:42.680Z] [unzip] Entry: client/assets/provider-icons/auth_service_facebook.svg (compressed_size=289 bytes, uncompressed_size=457 bytes)
[debug] [2024-03-28T19:48:42.680Z] [unzip] Processing entry: client\assets\provider-icons\auth_service_facebook.svg
[debug] [2024-03-28T19:48:42.680Z] [unzip] else mkdir: C:\Users\camba\.cache\firebase\emulators\ui-v1.11.8\client\assets\provider-icons
[debug] [2024-03-28T19:48:42.681Z] [unzip] deflating: C:\Users\camba\.cache\firebase\emulators\ui-v1.11.8\client\assets\provider-icons\auth_service_facebook.svg
[debug] [2024-03-28T19:48:42.682Z] [unzip] Entry: client/assets/provider-icons/auth_service_play_games.svg (compressed_size=565 bytes, uncompressed_size=1173 bytes)
[debug] [2024-03-28T19:48:42.682Z] [unzip] Processing entry: client\assets\provider-icons\auth_service_play_games.svg
[debug] [2024-03-28T19:48:42.683Z] [unzip] else mkdir: C:\Users\camba\.cache\firebase\emulators\ui-v1.11.8\client\assets\provider-icons
[debug] [2024-03-28T19:48:42.683Z] [unzip] deflating: C:\Users\camba\.cache\firebase\emulators\ui-v1.11.8\client\assets\provider-icons\auth_service_play_games.svg
[debug] [2024-03-28T19:48:42.685Z] [unzip] Entry: client/assets/provider-icons/auth_service_github.svg (compressed_size=466 bytes, uncompressed_size=838 bytes)
[debug] [2024-03-28T19:48:42.685Z] [unzip] Processing entry: client\assets\provider-icons\auth_service_github.svg
[debug] [2024-03-28T19:48:42.685Z] [unzip] else mkdir: C:\Users\camba\.cache\firebase\emulators\ui-v1.11.8\client\assets\provider-icons
[debug] [2024-03-28T19:48:42.685Z] [unzip] deflating: C:\Users\camba\.cache\firebase\emulators\ui-v1.11.8\client\assets\provider-icons\auth_service_github.svg
[debug] [2024-03-28T19:48:42.687Z] [unzip] Entry: client/assets/provider-icons/auth_service_apple.svg (compressed_size=230 bytes, uncompressed_size=334 bytes)
[debug] [2024-03-28T19:48:42.687Z] [unzip] Processing entry: client\assets\provider-icons\auth_service_apple.svg
[debug] [2024-03-28T19:48:42.687Z] [unzip] else mkdir: C:\Users\camba\.cache\firebase\emulators\ui-v1.11.8\client\assets\provider-icons
[debug] [2024-03-28T19:48:42.688Z] [unzip] deflating: C:\Users\camba\.cache\firebase\emulators\ui-v1.11.8\client\assets\provider-icons\auth_service_apple.svg
[debug] [2024-03-28T19:48:42.689Z] [unzip] Entry: client/assets/provider-icons/auth_service_google.svg (compressed_size=409 bytes, uncompressed_size=720 bytes)
[debug] [2024-03-28T19:48:42.689Z] [unzip] Processing entry: client\assets\provider-icons\auth_service_google.svg
[debug] [2024-03-28T19:48:42.689Z] [unzip] else mkdir: C:\Users\camba\.cache\firebase\emulators\ui-v1.11.8\client\assets\provider-icons
[debug] [2024-03-28T19:48:42.690Z] [unzip] deflating: C:\Users\camba\.cache\firebase\emulators\ui-v1.11.8\client\assets\provider-icons\auth_service_google.svg
[debug] [2024-03-28T19:48:42.691Z] [unzip] Entry: client/assets/provider-icons/auth_service_email.svg (compressed_size=228 bytes, uncompressed_size=326 bytes)
[debug] [2024-03-28T19:48:42.691Z] [unzip] Processing entry: client\assets\provider-icons\auth_service_email.svg
[debug] [2024-03-28T19:48:42.691Z] [unzip] else mkdir: C:\Users\camba\.cache\firebase\emulators\ui-v1.11.8\client\assets\provider-icons
[debug] [2024-03-28T19:48:42.692Z] [unzip] deflating: C:\Users\camba\.cache\firebase\emulators\ui-v1.11.8\client\assets\provider-icons\auth_service_email.svg
[debug] [2024-03-28T19:48:42.693Z] [unzip] Entry: client/assets/provider-icons/auth_service_twitter.svg (compressed_size=444 bytes, uncompressed_size=751 bytes)
[debug] [2024-03-28T19:48:42.693Z] [unzip] Processing entry: client\assets\provider-icons\auth_service_twitter.svg
[debug] [2024-03-28T19:48:42.693Z] [unzip] else mkdir: C:\Users\camba\.cache\firebase\emulators\ui-v1.11.8\client\assets\provider-icons
[debug] [2024-03-28T19:48:42.694Z] [unzip] deflating: C:\Users\camba\.cache\firebase\emulators\ui-v1.11.8\client\assets\provider-icons\auth_service_twitter.svg
[debug] [2024-03-28T19:48:42.695Z] [unzip] Entry: client/assets/provider-icons/auth_service_game_center.svg (compressed_size=991 bytes, uncompressed_size=3921 bytes)
[debug] [2024-03-28T19:48:42.695Z] [unzip] Processing entry: client\assets\provider-icons\auth_service_game_center.svg
[debug] [2024-03-28T19:48:42.696Z] [unzip] else mkdir: C:\Users\camba\.cache\firebase\emulators\ui-v1.11.8\client\assets\provider-icons
[debug] [2024-03-28T19:48:42.696Z] [unzip] deflating: C:\Users\camba\.cache\firebase\emulators\ui-v1.11.8\client\assets\provider-icons\auth_service_game_center.svg
[debug] [2024-03-28T19:48:42.697Z] [unzip] Entry: client/assets/img/ (compressed_size=0 bytes, uncompressed_size=0 bytes)
[debug] [2024-03-28T19:48:42.697Z] [unzip] Processing entry: client\assets\img\
[debug] [2024-03-28T19:48:42.697Z] [unzip] mkdir: C:\Users\camba\.cache\firebase\emulators\ui-v1.11.8\client\assets\img\
[debug] [2024-03-28T19:48:42.698Z] [unzip] Entry: client/assets/img/database.png (compressed_size=29449 bytes, uncompressed_size=29988 bytes)
[debug] [2024-03-28T19:48:42.699Z] [unzip] Processing entry: client\assets\img\database.png
[debug] [2024-03-28T19:48:42.699Z] [unzip] else mkdir: C:\Users\camba\.cache\firebase\emulators\ui-v1.11.8\client\assets\img
[debug] [2024-03-28T19:48:42.699Z] [unzip] deflating: C:\Users\camba\.cache\firebase\emulators\ui-v1.11.8\client\assets\img\database.png
[debug] [2024-03-28T19:48:42.702Z] [unzip] Entry: client/assets/index-Cj5I7867.css (compressed_size=35786 bytes, uncompressed_size=297937 bytes)
[debug] [2024-03-28T19:48:42.702Z] [unzip] Processing entry: client\assets\index-Cj5I7867.css
[debug] [2024-03-28T19:48:42.702Z] [unzip] else mkdir: C:\Users\camba\.cache\firebase\emulators\ui-v1.11.8\client\assets
[debug] [2024-03-28T19:48:42.703Z] [unzip] deflating: C:\Users\camba\.cache\firebase\emulators\ui-v1.11.8\client\assets\index-Cj5I7867.css
[debug] [2024-03-28T19:48:42.708Z] [unzip] Entry: client/assets/index-Z4-ilXvq.js (compressed_size=563876 bytes, uncompressed_size=2021818 bytes)
[debug] [2024-03-28T19:48:42.708Z] [unzip] Processing entry: client\assets\index-Z4-ilXvq.js
[debug] [2024-03-28T19:48:42.708Z] [unzip] else mkdir: C:\Users\camba\.cache\firebase\emulators\ui-v1.11.8\client\assets
[debug] [2024-03-28T19:48:42.709Z] [unzip] deflating: C:\Users\camba\.cache\firebase\emulators\ui-v1.11.8\client\assets\index-Z4-ilXvq.js
[debug] [2024-03-28T19:48:42.743Z] [unzip] Entry: client/safari-pinned-tab.svg (compressed_size=838 bytes, uncompressed_size=1504 bytes)
[debug] [2024-03-28T19:48:42.743Z] [unzip] Processing entry: client\safari-pinned-tab.svg
[debug] [2024-03-28T19:48:42.743Z] [unzip] else mkdir: C:\Users\camba\.cache\firebase\emulators\ui-v1.11.8\client
[debug] [2024-03-28T19:48:42.744Z] [unzip] deflating: C:\Users\camba\.cache\firebase\emulators\ui-v1.11.8\client\safari-pinned-tab.svg
[debug] [2024-03-28T19:48:42.745Z] [unzip] Entry: client/mstile-150x150.png (compressed_size=5406 bytes, uncompressed_size=5723 bytes)
[debug] [2024-03-28T19:48:42.745Z] [unzip] Processing entry: client\mstile-150x150.png
[debug] [2024-03-28T19:48:42.745Z] [unzip] else mkdir: C:\Users\camba\.cache\firebase\emulators\ui-v1.11.8\client
[debug] [2024-03-28T19:48:42.745Z] [unzip] deflating: C:\Users\camba\.cache\firebase\emulators\ui-v1.11.8\client\mstile-150x150.png
[debug] [2024-03-28T19:48:42.747Z] [unzip] Entry: client/browserconfig.xml (compressed_size=491 bytes, uncompressed_size=822 bytes)
[debug] [2024-03-28T19:48:42.747Z] [unzip] Processing entry: client\browserconfig.xml
[debug] [2024-03-28T19:48:42.747Z] [unzip] else mkdir: C:\Users\camba\.cache\firebase\emulators\ui-v1.11.8\client
[debug] [2024-03-28T19:48:42.747Z] [unzip] deflating: C:\Users\camba\.cache\firebase\emulators\ui-v1.11.8\client\browserconfig.xml
[debug] [2024-03-28T19:48:42.748Z] [unzip] Entry: client/robots.txt (compressed_size=26 bytes, uncompressed_size=26 bytes)
[debug] [2024-03-28T19:48:42.748Z] [unzip] Processing entry: client\robots.txt
[debug] [2024-03-28T19:48:42.748Z] [unzip] else mkdir: C:\Users\camba\.cache\firebase\emulators\ui-v1.11.8\client
[debug] [2024-03-28T19:48:42.749Z] [unzip] Writing file: C:\Users\camba\.cache\firebase\emulators\ui-v1.11.8\client\robots.txt
[debug] [2024-03-28T19:48:42.751Z] [unzip] Entry: client/index.html (compressed_size=1365 bytes, uncompressed_size=3071 bytes)
[debug] [2024-03-28T19:48:42.751Z] [unzip] Processing entry: client\index.html
[debug] [2024-03-28T19:48:42.751Z] [unzip] else mkdir: C:\Users\camba\.cache\firebase\emulators\ui-v1.11.8\client
[debug] [2024-03-28T19:48:42.751Z] [unzip] deflating: C:\Users\camba\.cache\firebase\emulators\ui-v1.11.8\client\index.html
[debug] [2024-03-28T19:48:42.753Z] [unzip] Entry: client/favicon-16x16.png (compressed_size=757 bytes, uncompressed_size=777 bytes)
[debug] [2024-03-28T19:48:42.753Z] [unzip] Processing entry: client\favicon-16x16.png
[debug] [2024-03-28T19:48:42.753Z] [unzip] else mkdir: C:\Users\camba\.cache\firebase\emulators\ui-v1.11.8\client
[debug] [2024-03-28T19:48:42.753Z] [unzip] deflating: C:\Users\camba\.cache\firebase\emulators\ui-v1.11.8\client\favicon-16x16.png
[debug] [2024-03-28T19:48:42.755Z] [unzip] Entry: client/manifest.json (compressed_size=246 bytes, uncompressed_size=551 bytes)
[debug] [2024-03-28T19:48:42.755Z] [unzip] Processing entry: client\manifest.json
[debug] [2024-03-28T19:48:42.755Z] [unzip] else mkdir: C:\Users\camba\.cache\firebase\emulators\ui-v1.11.8\client
[debug] [2024-03-28T19:48:42.755Z] [unzip] deflating: C:\Users\camba\.cache\firebase\emulators\ui-v1.11.8\client\manifest.json
[debug] [2024-03-28T19:48:42.756Z] [unzip] Entry: client/favicon-32x32.png (compressed_size=1175 bytes, uncompressed_size=1175 bytes)
[debug] [2024-03-28T19:48:42.757Z] [unzip] Processing entry: client\favicon-32x32.png
[debug] [2024-03-28T19:48:42.757Z] [unzip] else mkdir: C:\Users\camba\.cache\firebase\emulators\ui-v1.11.8\client
[debug] [2024-03-28T19:48:42.757Z] [unzip] Writing file: C:\Users\camba\.cache\firebase\emulators\ui-v1.11.8\client\favicon-32x32.png
[debug] [2024-03-28T19:48:42.758Z] [unzip] Entry: client/android-chrome-192x192.png (compressed_size=7602 bytes, uncompressed_size=7834 bytes)
[debug] [2024-03-28T19:48:42.758Z] [unzip] Processing entry: client\android-chrome-192x192.png
[debug] [2024-03-28T19:48:42.758Z] [unzip] else mkdir: C:\Users\camba\.cache\firebase\emulators\ui-v1.11.8\client
[debug] [2024-03-28T19:48:42.758Z] [unzip] deflating: C:\Users\camba\.cache\firebase\emulators\ui-v1.11.8\client\android-chrome-192x192.png
[debug] [2024-03-28T19:48:42.759Z] [unzip] Entry: server/ (compressed_size=0 bytes, uncompressed_size=0 bytes)
[debug] [2024-03-28T19:48:42.759Z] [unzip] Processing entry: server\
[debug] [2024-03-28T19:48:42.760Z] [unzip] mkdir: C:\Users\camba\.cache\firebase\emulators\ui-v1.11.8\server\
[debug] [2024-03-28T19:48:42.760Z] [unzip] Entry: server/server.mjs (compressed_size=311497 bytes, uncompressed_size=1147307 bytes)
[debug] [2024-03-28T19:48:42.760Z] [unzip] Processing entry: server\server.mjs
[debug] [2024-03-28T19:48:42.760Z] [unzip] else mkdir: C:\Users\camba\.cache\firebase\emulators\ui-v1.11.8\server
[debug] [2024-03-28T19:48:42.761Z] [unzip] deflating: C:\Users\camba\.cache\firebase\emulators\ui-v1.11.8\server\server.mjs
[debug] [2024-03-28T19:48:42.770Z] [unzip] Entry: server/assets/ (compressed_size=0 bytes, uncompressed_size=0 bytes)
[debug] [2024-03-28T19:48:42.770Z] [unzip] Processing entry: server\assets\
[debug] [2024-03-28T19:48:42.770Z] [unzip] mkdir: C:\Users\camba\.cache\firebase\emulators\ui-v1.11.8\server\assets\
[debug] [2024-03-28T19:48:42.770Z] [unzip] Entry: server/assets/multipart-parser-n20ATYm_.mjs.map (compressed_size=4790 bytes, uncompressed_size=17920 bytes)
[debug] [2024-03-28T19:48:42.770Z] [unzip] Processing entry: server\assets\multipart-parser-n20ATYm_.mjs.map
[debug] [2024-03-28T19:48:42.770Z] [unzip] else mkdir: C:\Users\camba\.cache\firebase\emulators\ui-v1.11.8\server\assets
[debug] [2024-03-28T19:48:42.771Z] [unzip] deflating: C:\Users\camba\.cache\firebase\emulators\ui-v1.11.8\server\assets\multipart-parser-n20ATYm_.mjs.map
[debug] [2024-03-28T19:48:42.773Z] [unzip] Entry: server/assets/multipart-parser-n20ATYm_.mjs (compressed_size=2625 bytes, uncompressed_size=10428 bytes)
[debug] [2024-03-28T19:48:42.773Z] [unzip] Processing entry: server\assets\multipart-parser-n20ATYm_.mjs
[debug] [2024-03-28T19:48:42.773Z] [unzip] else mkdir: C:\Users\camba\.cache\firebase\emulators\ui-v1.11.8\server\assets
[debug] [2024-03-28T19:48:42.773Z] [unzip] deflating: C:\Users\camba\.cache\firebase\emulators\ui-v1.11.8\server\assets\multipart-parser-n20ATYm_.mjs
[debug] [2024-03-28T19:48:42.775Z] [unzip] Entry: server/server.mjs.map (compressed_size=286219 bytes, uncompressed_size=1310517 bytes)
[debug] [2024-03-28T19:48:42.775Z] [unzip] Processing entry: server\server.mjs.map
[debug] [2024-03-28T19:48:42.775Z] [unzip] else mkdir: C:\Users\camba\.cache\firebase\emulators\ui-v1.11.8\server
[debug] [2024-03-28T19:48:42.775Z] [unzip] deflating: C:\Users\camba\.cache\firebase\emulators\ui-v1.11.8\server\server.mjs.map
[debug] [2024-03-28T19:48:42.786Z] Ignoring unsupported arg: auto_download {"metadata":{"emulator":{"name":"ui"},"message":"Ignoring unsupported arg: auto_download"}}
[debug] [2024-03-28T19:48:42.786Z] Ignoring unsupported arg: port {"metadata":{"emulator":{"name":"ui"},"message":"Ignoring unsupported arg: port"}}
[debug] [2024-03-28T19:48:42.787Z] Starting Emulator UI with command {"binary":"node","args":["C:\\Users\\camba\\.cache\\firebase\\emulators\\ui-v1.11.8\\server\\server.mjs"],"optionalArgs":[],"joinArgs":false} {"metadata":{"emulator":{"name":"ui"},"message":"Starting Emulator UI with command {\"binary\":\"node\",\"args\":[\"C:\\\\Users\\\\camba\\\\.cache\\\\firebase\\\\emulators\\\\ui-v1.11.8\\\\server\\\\server.mjs\"],\"optionalArgs\":[],\"joinArgs\":false}"}}
[info] i  ui: Emulator UI logging to ui-debug.log {"metadata":{"emulator":{"name":"ui"},"message":"Emulator UI logging to \u001b[1mui-debug.log\u001b[22m"}}
[debug] [2024-03-28T19:48:43.091Z] Web / API server started at 127.0.0.1:4000
 {"metadata":{"emulator":{"name":"ui"},"message":"Web / API server started at 127.0.0.1:4000\n"}}
[debug] [2024-03-28T19:48:43.091Z] Web / API server started at ::1:4000
 {"metadata":{"emulator":{"name":"ui"},"message":"Web / API server started at ::1:4000\n"}}
[info] i  functions: Watching "C:\Users\camba\next-cogum\firebase\functions" for Cloud Functions... {"metadata":{"emulator":{"name":"functions"},"message":"Watching \"C:\\Users\\camba\\next-cogum\\firebase\\functions\" for Cloud Functions..."}}
[debug] [2024-03-28T19:48:43.329Z] Validating nodejs source
[warn] !  functions: Couldn't find firebase-functions package in your source code. Have you run 'npm install'? 
[debug] [2024-03-28T19:48:43.332Z] getFunctionsSDKVersion encountered error: Cannot find module 'firebase-functions'
Require stack:
- C:\Users\camba\AppData\Roaming\npm\node_modules\firebase-tools\lib\deploy\functions\runtimes\node\versioning.js
- C:\Users\camba\AppData\Roaming\npm\node_modules\firebase-tools\lib\deploy\functions\runtimes\node\index.js
- C:\Users\camba\AppData\Roaming\npm\node_modules\firebase-tools\lib\deploy\functions\runtimes\index.js
- C:\Users\camba\AppData\Roaming\npm\node_modules\firebase-tools\lib\gcp\cloudfunctions.js
- C:\Users\camba\AppData\Roaming\npm\node_modules\firebase-tools\lib\deploy\functions\backend.js
- C:\Users\camba\AppData\Roaming\npm\node_modules\firebase-tools\lib\emulator\functionsEmulatorShared.js
- C:\Users\camba\AppData\Roaming\npm\node_modules\firebase-tools\lib\emulator\functionsEmulator.js
- C:\Users\camba\AppData\Roaming\npm\node_modules\firebase-tools\lib\emulator\controller.js
- C:\Users\camba\AppData\Roaming\npm\node_modules\firebase-tools\lib\emulator\commandUtils.js
- C:\Users\camba\AppData\Roaming\npm\node_modules\firebase-tools\lib\commands\database-get.js
- C:\Users\camba\AppData\Roaming\npm\node_modules\firebase-tools\lib\commands\index.js
- C:\Users\camba\AppData\Roaming\npm\node_modules\firebase-tools\lib\index.js
- C:\Users\camba\AppData\Roaming\npm\node_modules\firebase-tools\lib\bin\firebase.js {"code":"MODULE_NOT_FOUND","requireStack":["C:\\Users\\camba\\AppData\\Roaming\\npm\\node_modules\\firebase-tools\\lib\\deploy\\functions\\runtimes\\node\\versioning.js","C:\\Users\\camba\\AppData\\Roaming\\npm\\node_modules\\firebase-tools\\lib\\deploy\\functions\\runtimes\\node\\index.js","C:\\Users\\camba\\AppData\\Roaming\\npm\\node_modules\\firebase-tools\\lib\\deploy\\functions\\runtimes\\index.js","C:\\Users\\camba\\AppData\\Roaming\\npm\\node_modules\\firebase-tools\\lib\\gcp\\cloudfunctions.js","C:\\Users\\camba\\AppData\\Roaming\\npm\\node_modules\\firebase-tools\\lib\\deploy\\functions\\backend.js","C:\\Users\\camba\\AppData\\Roaming\\npm\\node_modules\\firebase-tools\\lib\\emulator\\functionsEmulatorShared.js","C:\\Users\\camba\\AppData\\Roaming\\npm\\node_modules\\firebase-tools\\lib\\emulator\\functionsEmulator.js","C:\\Users\\camba\\AppData\\Roaming\\npm\\node_modules\\firebase-tools\\lib\\emulator\\controller.js","C:\\Users\\camba\\AppData\\Roaming\\npm\\node_modules\\firebase-tools\\lib\\emulator\\commandUtils.js","C:\\Users\\camba\\AppData\\Roaming\\npm\\node_modules\\firebase-tools\\lib\\commands\\database-get.js","C:\\Users\\camba\\AppData\\Roaming\\npm\\node_modules\\firebase-tools\\lib\\commands\\index.js","C:\\Users\\camba\\AppData\\Roaming\\npm\\node_modules\\firebase-tools\\lib\\index.js","C:\\Users\\camba\\AppData\\Roaming\\npm\\node_modules\\firebase-tools\\lib\\bin\\firebase.js"]}
[debug] [2024-03-28T19:48:43.333Z] checkFunctionsSDKVersion encountered error: Invalid Version:  {}
[debug] [2024-03-28T19:48:43.334Z] > [functions] package.json contents: {
  "name": "functions",
  "scripts": {
    "lint": "eslint --ext .js,.ts .",
    "build": "tsc",
    "build:watch": "tsc --watch",
    "serve": "npm run build && firebase emulators:start --only functions",
    "shell": "npm run build && firebase functions:shell",
    "start": "npm run shell",
    "deploy": "firebase deploy --only functions",
    "logs": "firebase functions:log"
  },
  "engines": {
    "node": "18"
  },
  "main": "lib/index.js",
  "dependencies": {
    "firebase-admin": "^11.8.0",
    "firebase-functions": "^4.3.1"
  },
  "devDependencies": {
    "@typescript-eslint/eslint-plugin": "^5.12.0",
    "@typescript-eslint/parser": "^5.12.0",
    "eslint": "^8.9.0",
    "eslint-config-google": "^0.14.0",
    "eslint-plugin-import": "^2.25.4",
    "firebase-functions-test": "^3.1.0",
    "typescript": "^4.9.0"
  },
  "private": true
}
[error] !!  functions: Failed to load function definition from source: FirebaseError: There was an error reading firebase\functions\package.json:

 firebase\functions\lib\index.js does not exist, can't deploy Cloud Functions {"metadata":{"emulator":{"name":"functions"},"message":"Failed to load function definition from source: FirebaseError: There was an error reading firebase\\functions\\package.json:\n\n firebase\\functions\\lib\\index.js does not exist, can't deploy Cloud Functions"}}
[info] 
┌─────────────────────────────────────────────────────────────┐
│ ✔  All emulators ready! It is now safe to connect your app. │
│ i  View Emulator UI at http://127.0.0.1:4000/               │
└─────────────────────────────────────────────────────────────┘

┌────────────────┬────────────────┬─────────────────────────────────┐
│ Emulator       │ Host:Port      │ View in Emulator UI             │
├────────────────┼────────────────┼─────────────────────────────────┤
│ Authentication │ 127.0.0.1:9099 │ http://127.0.0.1:4000/auth      │
├────────────────┼────────────────┼─────────────────────────────────┤
│ Functions      │ 127.0.0.1:5001 │ http://127.0.0.1:4000/functions │
├────────────────┼────────────────┼─────────────────────────────────┤
│ Firestore      │ 127.0.0.1:8080 │ http://127.0.0.1:4000/firestore │
└────────────────┴────────────────┴─────────────────────────────────┘
  Emulator Hub running at 127.0.0.1:4400
  Other reserved ports: 4500, 9150

Issues? Report them at https://github.com/firebase/firebase-tools/issues and attach the *-debug.log files.
 
[debug] [2024-03-28T23:40:14.556Z] Received signal SIGHUP 1
[debug] [2024-03-29T18:03:49.422Z] ----------------------------------------------------------------------
[debug] [2024-03-29T18:03:49.425Z] Command:       C:\Program Files\nodejs\node.exe C:\Users\camba\AppData\Roaming\npm\node_modules\firebase-tools\lib\bin\firebase.js emulators:start
[debug] [2024-03-29T18:03:49.425Z] CLI Version:   13.6.0
[debug] [2024-03-29T18:03:49.425Z] Platform:      win32
[debug] [2024-03-29T18:03:49.425Z] Node Version:  v20.10.0
[debug] [2024-03-29T18:03:49.426Z] Time:          Fri Mar 29 2024 15:03:49 GMT-0300 (Brasilia Standard Time)
[debug] [2024-03-29T18:03:49.426Z] ----------------------------------------------------------------------
[debug] 
[debug] [2024-03-29T18:03:49.604Z] > command requires scopes: ["email","openid","https://www.googleapis.com/auth/cloudplatformprojects.readonly","https://www.googleapis.com/auth/firebase","https://www.googleapis.com/auth/cloud-platform"]
[debug] [2024-03-29T18:03:49.604Z] > authorizing via signed-in user (cambara.ro@gmail.com)
[debug] [2024-03-29T18:03:49.832Z] java version "22" 2024-03-19

[debug] [2024-03-29T18:03:49.832Z] Java(TM) SE Runtime Environment (build 22+36-2370)
Java HotSpot(TM) 64-Bit Server VM (build 22+36-2370, mixed mode, sharing)

[debug] [2024-03-29T18:03:49.867Z] Parsed Java major version: 22
[info] i  emulators: Starting emulators: auth, functions, firestore {"metadata":{"emulator":{"name":"hub"},"message":"Starting emulators: auth, functions, firestore"}}
[debug] [2024-03-29T18:03:49.880Z] [logging] Logging Emulator only supports listening on one address (127.0.0.1). Not listening on ::1
[debug] [2024-03-29T18:03:49.880Z] [auth] Authentication Emulator only supports listening on one address (127.0.0.1). Not listening on ::1
[debug] [2024-03-29T18:03:49.881Z] [firestore] Firestore Emulator only supports listening on one address (127.0.0.1). Not listening on ::1
[debug] [2024-03-29T18:03:49.881Z] [firestore.websocket] websocket server for firestore only supports listening on one address (127.0.0.1). Not listening on ::1
[debug] [2024-03-29T18:03:49.881Z] assigned listening specs for emulators {"user":{"hub":[{"address":"127.0.0.1","family":"IPv4","port":4400},{"address":"::1","family":"IPv6","port":4400}],"ui":[{"address":"127.0.0.1","family":"IPv4","port":4000},{"address":"::1","family":"IPv6","port":4000}],"logging":[{"address":"127.0.0.1","family":"IPv4","port":4500}],"auth":[{"address":"127.0.0.1","family":"IPv4","port":9099}],"firestore":[{"address":"127.0.0.1","family":"IPv4","port":8080}],"firestore.websocket":[{"address":"127.0.0.1","family":"IPv4","port":9150}]},"metadata":{"message":"assigned listening specs for emulators"}}
[warn] !  emulators: It seems that you are running multiple instances of the emulator suite for project cogum-react. This may result in unexpected behavior. 
[debug] [2024-03-29T18:03:49.886Z] [hub] writing locator at C:\Users\camba\AppData\Local\Temp\hub-cogum-react.json
[debug] [2024-03-29T18:03:49.895Z] [functions] Functions Emulator only supports listening on one address (127.0.0.1). Not listening on ::1
[debug] [2024-03-29T18:03:49.895Z] [eventarc] Eventarc Emulator only supports listening on one address (127.0.0.1). Not listening on ::1
[debug] [2024-03-29T18:03:49.896Z] late-assigned ports for functions and eventarc emulators {"user":{"hub":[{"address":"127.0.0.1","family":"IPv4","port":4400},{"address":"::1","family":"IPv6","port":4400}],"ui":[{"address":"127.0.0.1","family":"IPv4","port":4000},{"address":"::1","family":"IPv6","port":4000}],"logging":[{"address":"127.0.0.1","family":"IPv4","port":4500}],"auth":[{"address":"127.0.0.1","family":"IPv4","port":9099}],"firestore":[{"address":"127.0.0.1","family":"IPv4","port":8080}],"firestore.websocket":[{"address":"127.0.0.1","family":"IPv4","port":9150}],"functions":[{"address":"127.0.0.1","family":"IPv4","port":5001}],"eventarc":[{"address":"127.0.0.1","family":"IPv4","port":9299}]},"metadata":{"message":"late-assigned ports for functions and eventarc emulators"}}
[warn] !  functions: The following emulators are not running, calls to these services from the Functions emulator will affect production: database, hosting, pubsub, storage {"metadata":{"emulator":{"name":"functions"},"message":"The following emulators are not running, calls to these services from the Functions emulator will affect production: \u001b[1mdatabase, hosting, pubsub, storage\u001b[22m"}}
[debug] [2024-03-29T18:03:49.900Z] defaultcredentials: writing to file C:\Users\camba\AppData\Roaming\firebase\cambara_ro_gmail.com_application_default_credentials.json
[debug] [2024-03-29T18:03:49.902Z] Setting GAC to C:\Users\camba\AppData\Roaming\firebase\cambara_ro_gmail.com_application_default_credentials.json {"metadata":{"emulator":{"name":"functions"},"message":"Setting GAC to C:\\Users\\camba\\AppData\\Roaming\\firebase\\cambara_ro_gmail.com_application_default_credentials.json"}}
[debug] [2024-03-29T18:03:49.903Z] > refreshing access token with scopes: []
[debug] [2024-03-29T18:03:49.905Z] >>> [apiv2][query] POST https://www.googleapis.com/oauth2/v3/token [none]
[debug] [2024-03-29T18:03:49.905Z] >>> [apiv2][body] POST https://www.googleapis.com/oauth2/v3/token [omitted]
[debug] [2024-03-29T18:03:50.127Z] <<< [apiv2][status] POST https://www.googleapis.com/oauth2/v3/token 200
[debug] [2024-03-29T18:03:50.127Z] <<< [apiv2][body] POST https://www.googleapis.com/oauth2/v3/token [omitted]
[debug] [2024-03-29T18:03:50.136Z] >>> [apiv2][query] GET https://firebase.googleapis.com/v1beta1/projects/cogum-react/adminSdkConfig [none]
[debug] [2024-03-29T18:03:50.576Z] <<< [apiv2][status] GET https://firebase.googleapis.com/v1beta1/projects/cogum-react/adminSdkConfig 200
[debug] [2024-03-29T18:03:50.577Z] <<< [apiv2][body] GET https://firebase.googleapis.com/v1beta1/projects/cogum-react/adminSdkConfig {"projectId":"cogum-react","storageBucket":"cogum-react.appspot.com"}
[debug] [2024-03-29T18:03:50.591Z] Ignoring unsupported arg: auto_download {"metadata":{"emulator":{"name":"firestore"},"message":"Ignoring unsupported arg: auto_download"}}
[debug] [2024-03-29T18:03:50.591Z] Ignoring unsupported arg: single_project_mode_error {"metadata":{"emulator":{"name":"firestore"},"message":"Ignoring unsupported arg: single_project_mode_error"}}
[debug] [2024-03-29T18:03:50.591Z] Starting Firestore Emulator with command {"binary":"java","args":["-Dgoogle.cloud_firestore.debug_log_level=FINE","-Duser.language=en","-jar","C:\\Users\\camba\\.cache\\firebase\\emulators\\cloud-firestore-emulator-v1.19.4.jar","--host","127.0.0.1","--port",8080,"--websocket_port",9150,"--project_id","cogum-react","--rules","C:\\Users\\camba\\next-cogum\\firestore.rules","--single_project_mode",true,"--functions_emulator","127.0.0.1:5001"],"optionalArgs":["port","webchannel_port","host","rules","websocket_port","functions_emulator","seed_from_export","project_id","single_project_mode"],"joinArgs":false} {"metadata":{"emulator":{"name":"firestore"},"message":"Starting Firestore Emulator with command {\"binary\":\"java\",\"args\":[\"-Dgoogle.cloud_firestore.debug_log_level=FINE\",\"-Duser.language=en\",\"-jar\",\"C:\\\\Users\\\\camba\\\\.cache\\\\firebase\\\\emulators\\\\cloud-firestore-emulator-v1.19.4.jar\",\"--host\",\"127.0.0.1\",\"--port\",8080,\"--websocket_port\",9150,\"--project_id\",\"cogum-react\",\"--rules\",\"C:\\\\Users\\\\camba\\\\next-cogum\\\\firestore.rules\",\"--single_project_mode\",true,\"--functions_emulator\",\"127.0.0.1:5001\"],\"optionalArgs\":[\"port\",\"webchannel_port\",\"host\",\"rules\",\"websocket_port\",\"functions_emulator\",\"seed_from_export\",\"project_id\",\"single_project_mode\"],\"joinArgs\":false}"}}
[info] i  firestore: Firestore Emulator logging to firestore-debug.log {"metadata":{"emulator":{"name":"firestore"},"message":"Firestore Emulator logging to \u001b[1mfirestore-debug.log\u001b[22m"}}
[info] +  firestore: Firestore Emulator UI websocket is running on 9150. {"metadata":{"emulator":{"name":"firestore"},"message":"Firestore Emulator UI websocket is running on 9150."}}
[debug] [2024-03-29T18:04:00.585Z] Ignoring unsupported arg: auto_download {"metadata":{"emulator":{"name":"ui"},"message":"Ignoring unsupported arg: auto_download"}}
[debug] [2024-03-29T18:04:00.585Z] Ignoring unsupported arg: port {"metadata":{"emulator":{"name":"ui"},"message":"Ignoring unsupported arg: port"}}
[debug] [2024-03-29T18:04:00.585Z] Starting Emulator UI with command {"binary":"node","args":["C:\\Users\\camba\\.cache\\firebase\\emulators\\ui-v1.11.8\\server\\server.mjs"],"optionalArgs":[],"joinArgs":false} {"metadata":{"emulator":{"name":"ui"},"message":"Starting Emulator UI with command {\"binary\":\"node\",\"args\":[\"C:\\\\Users\\\\camba\\\\.cache\\\\firebase\\\\emulators\\\\ui-v1.11.8\\\\server\\\\server.mjs\"],\"optionalArgs\":[],\"joinArgs\":false}"}}
[info] i  ui: Emulator UI logging to ui-debug.log {"metadata":{"emulator":{"name":"ui"},"message":"Emulator UI logging to \u001b[1mui-debug.log\u001b[22m"}}
[debug] [2024-03-29T18:04:00.776Z] Web / API server started at 127.0.0.1:4000
 {"metadata":{"emulator":{"name":"ui"},"message":"Web / API server started at 127.0.0.1:4000\n"}}
[debug] [2024-03-29T18:04:00.776Z] Web / API server started at ::1:4000
 {"metadata":{"emulator":{"name":"ui"},"message":"Web / API server started at ::1:4000\n"}}
[info] i  functions: Watching "C:\Users\camba\next-cogum\firebase\functions" for Cloud Functions... {"metadata":{"emulator":{"name":"functions"},"message":"Watching \"C:\\Users\\camba\\next-cogum\\firebase\\functions\" for Cloud Functions..."}}
[debug] [2024-03-29T18:04:00.861Z] Validating nodejs source
[warn] !  functions: Couldn't find firebase-functions package in your source code. Have you run 'npm install'? 
[debug] [2024-03-29T18:04:00.863Z] getFunctionsSDKVersion encountered error: Cannot find module 'firebase-functions'
Require stack:
- C:\Users\camba\AppData\Roaming\npm\node_modules\firebase-tools\lib\deploy\functions\runtimes\node\versioning.js
- C:\Users\camba\AppData\Roaming\npm\node_modules\firebase-tools\lib\deploy\functions\runtimes\node\index.js
- C:\Users\camba\AppData\Roaming\npm\node_modules\firebase-tools\lib\deploy\functions\runtimes\index.js
- C:\Users\camba\AppData\Roaming\npm\node_modules\firebase-tools\lib\gcp\cloudfunctions.js
- C:\Users\camba\AppData\Roaming\npm\node_modules\firebase-tools\lib\deploy\functions\backend.js
- C:\Users\camba\AppData\Roaming\npm\node_modules\firebase-tools\lib\emulator\functionsEmulatorShared.js
- C:\Users\camba\AppData\Roaming\npm\node_modules\firebase-tools\lib\emulator\functionsEmulator.js
- C:\Users\camba\AppData\Roaming\npm\node_modules\firebase-tools\lib\emulator\controller.js
- C:\Users\camba\AppData\Roaming\npm\node_modules\firebase-tools\lib\emulator\commandUtils.js
- C:\Users\camba\AppData\Roaming\npm\node_modules\firebase-tools\lib\commands\database-get.js
- C:\Users\camba\AppData\Roaming\npm\node_modules\firebase-tools\lib\commands\index.js
- C:\Users\camba\AppData\Roaming\npm\node_modules\firebase-tools\lib\index.js
- C:\Users\camba\AppData\Roaming\npm\node_modules\firebase-tools\lib\bin\firebase.js {"code":"MODULE_NOT_FOUND","requireStack":["C:\\Users\\camba\\AppData\\Roaming\\npm\\node_modules\\firebase-tools\\lib\\deploy\\functions\\runtimes\\node\\versioning.js","C:\\Users\\camba\\AppData\\Roaming\\npm\\node_modules\\firebase-tools\\lib\\deploy\\functions\\runtimes\\node\\index.js","C:\\Users\\camba\\AppData\\Roaming\\npm\\node_modules\\firebase-tools\\lib\\deploy\\functions\\runtimes\\index.js","C:\\Users\\camba\\AppData\\Roaming\\npm\\node_modules\\firebase-tools\\lib\\gcp\\cloudfunctions.js","C:\\Users\\camba\\AppData\\Roaming\\npm\\node_modules\\firebase-tools\\lib\\deploy\\functions\\backend.js","C:\\Users\\camba\\AppData\\Roaming\\npm\\node_modules\\firebase-tools\\lib\\emulator\\functionsEmulatorShared.js","C:\\Users\\camba\\AppData\\Roaming\\npm\\node_modules\\firebase-tools\\lib\\emulator\\functionsEmulator.js","C:\\Users\\camba\\AppData\\Roaming\\npm\\node_modules\\firebase-tools\\lib\\emulator\\controller.js","C:\\Users\\camba\\AppData\\Roaming\\npm\\node_modules\\firebase-tools\\lib\\emulator\\commandUtils.js","C:\\Users\\camba\\AppData\\Roaming\\npm\\node_modules\\firebase-tools\\lib\\commands\\database-get.js","C:\\Users\\camba\\AppData\\Roaming\\npm\\node_modules\\firebase-tools\\lib\\commands\\index.js","C:\\Users\\camba\\AppData\\Roaming\\npm\\node_modules\\firebase-tools\\lib\\index.js","C:\\Users\\camba\\AppData\\Roaming\\npm\\node_modules\\firebase-tools\\lib\\bin\\firebase.js"]}
[debug] [2024-03-29T18:04:00.864Z] checkFunctionsSDKVersion encountered error: Invalid Version:  {}
[debug] [2024-03-29T18:04:00.864Z] > [functions] package.json contents: {
  "name": "functions",
  "scripts": {
    "lint": "eslint --ext .js,.ts .",
    "build": "tsc",
    "build:watch": "tsc --watch",
    "serve": "npm run build && firebase emulators:start --only functions",
    "shell": "npm run build && firebase functions:shell",
    "start": "npm run shell",
    "deploy": "firebase deploy --only functions",
    "logs": "firebase functions:log"
  },
  "engines": {
    "node": "18"
  },
  "main": "lib/index.js",
  "dependencies": {
    "firebase-admin": "^11.8.0",
    "firebase-functions": "^4.3.1"
  },
  "devDependencies": {
    "@typescript-eslint/eslint-plugin": "^5.12.0",
    "@typescript-eslint/parser": "^5.12.0",
    "eslint": "^8.9.0",
    "eslint-config-google": "^0.14.0",
    "eslint-plugin-import": "^2.25.4",
    "firebase-functions-test": "^3.1.0",
    "typescript": "^4.9.0"
  },
  "private": true
}
[error] !!  functions: Failed to load function definition from source: FirebaseError: There was an error reading firebase\functions\package.json:

 firebase\functions\lib\index.js does not exist, can't deploy Cloud Functions {"metadata":{"emulator":{"name":"functions"},"message":"Failed to load function definition from source: FirebaseError: There was an error reading firebase\\functions\\package.json:\n\n firebase\\functions\\lib\\index.js does not exist, can't deploy Cloud Functions"}}
[info] 
┌─────────────────────────────────────────────────────────────┐
│ ✔  All emulators ready! It is now safe to connect your app. │
│ i  View Emulator UI at http://127.0.0.1:4000/               │
└─────────────────────────────────────────────────────────────┘

┌────────────────┬────────────────┬─────────────────────────────────┐
│ Emulator       │ Host:Port      │ View in Emulator UI             │
├────────────────┼────────────────┼─────────────────────────────────┤
│ Authentication │ 127.0.0.1:9099 │ http://127.0.0.1:4000/auth      │
├────────────────┼────────────────┼─────────────────────────────────┤
│ Functions      │ 127.0.0.1:5001 │ http://127.0.0.1:4000/functions │
├────────────────┼────────────────┼─────────────────────────────────┤
│ Firestore      │ 127.0.0.1:8080 │ http://127.0.0.1:4000/firestore │
└────────────────┴────────────────┴─────────────────────────────────┘
  Emulator Hub running at 127.0.0.1:4400
  Other reserved ports: 4500, 9150

Issues? Report them at https://github.com/firebase/firebase-tools/issues and attach the *-debug.log files.
 
